<?xml version="1.0" encoding="UTF-8"?>
<!-- Generated by org.testng.reporters.JUnitReportReporter -->
<testsuite skipped="0" hostname="DESKTOP-L5H57U0" name="nopcommerce4.LT2.test.LoginTestUseProvider" tests="11" failures="0" timestamp="2020-05-25T10:57:30 CST" time="391.404" errors="0">
  <testcase name="testPersonalizeProduct" time="54.535" classname="nopcommerce4.LT2.test.LoginTestUseProvider"/>
  <system-out/>
  <testcase name="testAccessPaymentinfo" time="30.614" classname="nopcommerce4.LT2.test.LoginTestUseProvider"/>
  <system-out/>
  <testcase name="testAccessProductPage" time="40.505" classname="nopcommerce4.LT2.test.LoginTestUseProvider"/>
  <system-out/>
  <testcase name="testLoginUsingProvider" time="25.779" classname="nopcommerce4.LT2.test.LoginTestUseProvider"/>
  <system-out/>
  <testcase name="testAccessShippingMethodPage" time="36.070" classname="nopcommerce4.LT2.test.LoginTestUseProvider"/>
  <system-out/>
  <testcase name="testAccessOrderDetailPage" time="25.446" classname="nopcommerce4.LT2.test.LoginTestUseProvider"/>
  <system-out/>
  <testcase name="testAccessCategoryPage" time="27.716" classname="nopcommerce4.LT2.test.LoginTestUseProvider"/>
  <system-out/>
  <testcase name="testAddToCart" time="98.324" classname="nopcommerce4.LT2.test.LoginTestUseProvider"/>
  <system-out/>
  <testcase name="testCheckout" time="30.636" classname="nopcommerce4.LT2.test.LoginTestUseProvider"/>
  <system-out/>
  <testcase name="testInputSchoolName" time="4.932" classname="nopcommerce4.LT2.test.LoginTestUseProvider"/>
  <system-out/>
  <testcase name="testPlaceOrder" time="16.847" classname="nopcommerce4.LT2.test.LoginTestUseProvider"/>
  <system-out/>
</testsuite> <!-- nopcommerce4.LT2.test.LoginTestUseProvider -->
