<?xml version="1.0" encoding="UTF-8"?>
<!-- Generated by org.testng.reporters.JUnitReportReporter -->
<testsuite skipped="0" hostname="DESKTOP-L5H57U0" name="nopcommerce4.LT2.test.LoginTestUseProvider" tests="11" failures="0" timestamp="2020-05-25T10:22:11 CST" time="462.294" errors="0">
  <testcase name="testAddToCart" time="106.382" classname="nopcommerce4.LT2.test.LoginTestUseProvider"/>
  <testcase name="testInputSchoolName" time="6.945" classname="nopcommerce4.LT2.test.LoginTestUseProvider"/>
  <testcase name="testLoginUsingProvider" time="30.992" classname="nopcommerce4.LT2.test.LoginTestUseProvider"/>
  <testcase name="testPersonalizeProduct" time="56.413" classname="nopcommerce4.LT2.test.LoginTestUseProvider"/>
  <testcase name="testCheckout" time="54.571" classname="nopcommerce4.LT2.test.LoginTestUseProvider"/>
  <testcase name="testAccessProductPage" time="28.749" classname="nopcommerce4.LT2.test.LoginTestUseProvider"/>
  <testcase name="testPlaceOrder" time="16.901" classname="nopcommerce4.LT2.test.LoginTestUseProvider"/>
  <testcase name="testAccessOrderDetailPage" time="30.537" classname="nopcommerce4.LT2.test.LoginTestUseProvider"/>
  <testcase name="testAccessCategoryPage" time="37.330" classname="nopcommerce4.LT2.test.LoginTestUseProvider"/>
  <testcase name="testAccessShippingMethodPage" time="31.355" classname="nopcommerce4.LT2.test.LoginTestUseProvider"/>
  <testcase name="testAccessPaymentinfo" time="62.119" classname="nopcommerce4.LT2.test.LoginTestUseProvider"/>
</testsuite> <!-- nopcommerce4.LT2.test.LoginTestUseProvider -->
