<?xml version="1.0" encoding="UTF-8"?>
<!-- Generated by org.testng.reporters.JUnitReportReporter -->
<testsuite skipped="0" hostname="DESKTOP-L5H57U0" name="nopcommerce4.LT2.test.PlaceOrderTest" tests="10" failures="0" timestamp="2020-06-01T09:13:21 CST" time="653.728" errors="0">
  <testcase name="testRemoveProduct" time="27.914" classname="nopcommerce4.LT2.test.PlaceOrderTest"/>
  <testcase name="testAccessShippingMethodPage" time="18.854" classname="nopcommerce4.LT2.test.PlaceOrderTest"/>
  <testcase name="testCheckout" time="21.093" classname="nopcommerce4.LT2.test.PlaceOrderTest"/>
  <testcase name="testPlaceOrder" time="16.560" classname="nopcommerce4.LT2.test.PlaceOrderTest"/>
  <testcase name="testAddToCart" time="221.910" classname="nopcommerce4.LT2.test.PlaceOrderTest"/>
  <testcase name="testLoginUsingProvider" time="21.996" classname="nopcommerce4.LT2.test.PlaceOrderTest"/>
  <testcase name="testAccessPaymentinfo" time="20.969" classname="nopcommerce4.LT2.test.PlaceOrderTest"/>
  <testcase name="testInputSchoolName" time="6.807" classname="nopcommerce4.LT2.test.PlaceOrderTest"/>
  <testcase name="testAddToCart" time="231.247" classname="nopcommerce4.LT2.test.PlaceOrderTest"/>
  <testcase name="testAccessOrderDetailPage" time="66.378" classname="nopcommerce4.LT2.test.PlaceOrderTest"/>
</testsuite> <!-- nopcommerce4.LT2.test.PlaceOrderTest -->
