<?xml version="1.0" encoding="UTF-8"?>
<!-- Generated by org.testng.reporters.JUnitReportReporter -->
<testsuite skipped="0" hostname="DESKTOP-L5H57U0" name="nopcommerce4.LT2.test.MyAccountTest" tests="2" failures="0" timestamp="2020-06-01T09:13:21 CST" time="576.389" errors="0">
  <testcase name="testLoginUsingProvider" time="21.166" classname="nopcommerce4.LT2.test.MyAccountTest"/>
  <testcase name="testMyAccount" time="555.223" classname="nopcommerce4.LT2.test.MyAccountTest"/>
</testsuite> <!-- nopcommerce4.LT2.test.MyAccountTest -->
