<?xml version="1.0" encoding="UTF-8"?>
<!-- Generated by org.testng.reporters.JUnitReportReporter -->
<testsuite skipped="0" hostname="DESKTOP-L5H57U0" name="nopcommerce4.LT2.test.ForgotPasswordTest" tests="1" failures="0" timestamp="2020-06-01T09:13:21 CST" time="48.211" errors="0">
  <testcase name="testForgotPassword" time="48.211" classname="nopcommerce4.LT2.test.ForgotPasswordTest"/>
</testsuite> <!-- nopcommerce4.LT2.test.ForgotPasswordTest -->
