<?xml version="1.0" encoding="UTF-8"?>
<!-- Generated by org.testng.reporters.JUnitReportReporter -->
<testsuite skipped="0" hostname="DESKTOP-L5H57U0" name="nopcommerce4.LT2.test.RegisterTest" tests="1" failures="0" timestamp="2020-06-01T09:13:21 CST" time="37.538" errors="0">
  <testcase name="registerTest" time="37.538" classname="nopcommerce4.LT2.test.RegisterTest"/>
</testsuite> <!-- nopcommerce4.LT2.test.RegisterTest -->
