<?xml version="1.0" encoding="UTF-8"?>
<!-- Generated by org.testng.reporters.JUnitReportReporter -->
<testsuite skipped="0" hostname="DESKTOP-L5H57U0" name="nopcommerce4.LT2.test.MyAccountTest" tests="2" failures="0" timestamp="2020-06-01T11:51:28 CST" time="589.393" errors="0">
  <testcase name="testMyAccount" time="570.621" classname="nopcommerce4.LT2.test.MyAccountTest"/>
  <system-out/>
  <testcase name="testLoginUsingProvider" time="18.772" classname="nopcommerce4.LT2.test.MyAccountTest"/>
  <system-out/>
</testsuite> <!-- nopcommerce4.LT2.test.MyAccountTest -->
