<?xml version="1.0" encoding="UTF-8"?>
<!-- Generated by org.testng.reporters.JUnitReportReporter -->
<testsuite skipped="0" hostname="DESKTOP-L5H57U0" name="nopcommerce4.LT2.test.PlaceOrderTest" tests="10" failures="0" timestamp="2020-06-01T11:51:28 CST" time="661.670" errors="0">
  <testcase name="testAddToCart" time="239.779" classname="nopcommerce4.LT2.test.PlaceOrderTest"/>
  <system-out/>
  <testcase name="testAccessPaymentinfo" time="28.264" classname="nopcommerce4.LT2.test.PlaceOrderTest"/>
  <system-out/>
  <testcase name="testPlaceOrder" time="20.148" classname="nopcommerce4.LT2.test.PlaceOrderTest"/>
  <system-out/>
  <testcase name="testAccessOrderDetailPage" time="25.836" classname="nopcommerce4.LT2.test.PlaceOrderTest"/>
  <system-out/>
  <testcase name="testAccessShippingMethodPage" time="21.990" classname="nopcommerce4.LT2.test.PlaceOrderTest"/>
  <system-out/>
  <testcase name="testAddToCart" time="236.342" classname="nopcommerce4.LT2.test.PlaceOrderTest"/>
  <system-out/>
  <testcase name="testRemoveProduct" time="29.169" classname="nopcommerce4.LT2.test.PlaceOrderTest"/>
  <system-out/>
  <testcase name="testLoginUsingProvider" time="31.424" classname="nopcommerce4.LT2.test.PlaceOrderTest"/>
  <system-out/>
  <testcase name="testInputSchoolName" time="6.289" classname="nopcommerce4.LT2.test.PlaceOrderTest"/>
  <system-out/>
  <testcase name="testCheckout" time="22.429" classname="nopcommerce4.LT2.test.PlaceOrderTest"/>
  <system-out/>
</testsuite> <!-- nopcommerce4.LT2.test.PlaceOrderTest -->
